# JRE version: OpenJDK Runtime Environment (11.0.6+8) (build 11.0.6+8-b765.25)
# Java VM: OpenJDK 64-Bit Server VM (11.0.6+8-b765.25, mixed mode, tiered, compressed oops, g1 gc, linux-amd64)
Heap:
 garbage-first heap   total 310272K, used 118812K [0x00000000c4e00000, 0x0000000100000000)
  region size 1024K, 3 young (3072K), 3 survivors (3072K)
 Metaspace       used 22987K, capacity 23434K, committed 23856K, reserved 1071104K
  class space    used 2458K, capacity 2647K, committed 2688K, reserved 1048576K
GC Heap History (19 events):
Event: 0.492 GC heap before
{Heap before GC invocations=0 (full 0):
 garbage-first heap   total 61440K, used 18432K [0x00000000c4e00000, 0x0000000100000000)
  region size 1024K, 14 young (14336K), 0 survivors (0K)
 Metaspace       used 9874K, capacity 10039K, committed 10368K, reserved 1058816K
  class space    used 988K, capacity 1070K, committed 1152K, reserved 1048576K
}
Event: 0.504 GC heap after
{Heap after GC invocations=1 (full 0):
 garbage-first heap   total 61440K, used 10188K [0x00000000c4e00000, 0x0000000100000000)
  region size 1024K, 2 young (2048K), 2 survivors (2048K)
 Metaspace       used 9874K, capacity 10039K, committed 10368K, reserved 1058816K
  class space    used 988K, capacity 1070K, committed 1152K, reserved 1048576K
}
Event: 0.798 GC heap before
{Heap before GC invocations=1 (full 0):
 garbage-first heap   total 61440K, used 22476K [0x00000000c4e00000, 0x0000000100000000)
  region size 1024K, 14 young (14336K), 2 survivors (2048K)
 Metaspace       used 13329K, capacity 13624K, committed 13824K, reserved 1060864K
  class space    used 1385K, capacity 1509K, committed 1536K, reserved 1048576K
}
Event: 0.806 GC heap after
{Heap after GC invocations=2 (full 0):
 garbage-first heap   total 61440K, used 11163K [0x00000000c4e00000, 0x0000000100000000)
  region size 1024K, 1 young (1024K), 1 survivors (1024K)
 Metaspace       used 13329K, capacity 13624K, committed 13824K, reserved 1060864K
  class space    used 1385K, capacity 1509K, committed 1536K, reserved 1048576K
}
Event: 1.121 GC heap before
{Heap before GC invocations=2 (full 0):
 garbage-first heap   total 61440K, used 31643K [0x00000000c4e00000, 0x0000000100000000)
  region size 1024K, 21 young (21504K), 1 survivors (1024K)
 Metaspace       used 18029K, capacity 18445K, committed 18816K, reserved 1067008K
  class space    used 1926K, capacity 2115K, committed 2176K, reserved 1048576K
}
Event: 1.129 GC heap after
{Heap after GC invocations=3 (full 0):
 garbage-first heap   total 61440K, used 12357K [0x00000000c4e00000, 0x0000000100000000)
  region size 1024K, 3 young (3072K), 3 survivors (3072K)
 Metaspace       used 18029K, capacity 18445K, committed 18816K, reserved 1067008K
  class space    used 1926K, capacity 2115K, committed 2176K, reserved 1048576K
}
Event: 1.431 GC heap before
{Heap before GC invocations=3 (full 0):
 garbage-first heap   total 61440K, used 24645K [0x00000000c4e00000, 0x0000000100000000)
  region size 1024K, 16 young (16384K), 3 survivors (3072K)
 Metaspace       used 20586K, capacity 20969K, committed 21296K, reserved 1069056K
  class space    used 2208K, capacity 2380K, committed 2432K, reserved 1048576K
}
Event: 1.446 GC heap after
{Heap after GC invocations=4 (full 0):
 garbage-first heap   total 61440K, used 13593K [0x00000000c4e00000, 0x0000000100000000)
  region size 1024K, 3 young (3072K), 3 survivors (3072K)
 Metaspace       used 20586K, capacity 20969K, committed 21296K, reserved 1069056K
  class space    used 2208K, capacity 2380K, committed 2432K, reserved 1048576K
}
Event: 1.730 GC heap before
{Heap before GC invocations=5 (full 0):
 garbage-first heap   total 61440K, used 36121K [0x00000000c4e00000, 0x0000000100000000)
  region size 1024K, 25 young (25600K), 3 survivors (3072K)
 Metaspace       used 21623K, capacity 22078K, committed 22448K, reserved 1069056K
  class space    used 2323K, capacity 2515K, committed 2560K, reserved 1048576K
}
Event: 1.747 GC heap after
{Heap after GC invocations=6 (full 0):
 garbage-first heap   total 86016K, used 14565K [0x00000000c4e00000, 0x0000000100000000)
  region size 1024K, 3 young (3072K), 3 survivors (3072K)
 Metaspace       used 21623K, capacity 22078K, committed 22448K, reserved 1069056K
  class space    used 2323K, capacity 2515K, committed 2560K, reserved 1048576K
}
Event: 1.901 GC heap before
{Heap before GC invocations=6 (full 0):
 garbage-first heap   total 86016K, used 27877K [0x00000000c4e00000, 0x0000000100000000)
  region size 1024K, 17 young (17408K), 3 survivors (3072K)
 Metaspace       used 22621K, capacity 23049K, committed 23344K, reserved 1071104K
  class space    used 2437K, capacity 2647K, committed 2688K, reserved 1048576K
}
Event: 1.922 GC heap after
{Heap after GC invocations=7 (full 0):
 garbage-first heap   total 86016K, used 15060K [0x00000000c4e00000, 0x0000000100000000)
  region size 1024K, 3 young (3072K), 3 survivors (3072K)
 Metaspace       used 22621K, capacity 23049K, committed 23344K, reserved 1071104K
  class space    used 2437K, capacity 2647K, committed 2688K, reserved 1048576K
}
Event: 2.861 GC heap before
{Heap before GC invocations=8 (full 0):
 garbage-first heap   total 189440K, used 155348K [0x00000000c4e00000, 0x0000000100000000)
  region size 1024K, 39 young (39936K), 3 survivors (3072K)
 Metaspace       used 22973K, capacity 23434K, committed 23856K, reserved 1071104K
  class space    used 2456K, capacity 2647K, committed 2688K, reserved 1048576K
}
Event: 2.878 GC heap after
{Heap after GC invocations=9 (full 0):
 garbage-first heap   total 189440K, used 118519K [0x00000000c4e00000, 0x0000000100000000)
  region size 1024K, 2 young (2048K), 2 survivors (2048K)
 Metaspace       used 22973K, capacity 23434K, committed 23856K, reserved 1071104K
  class space    used 2456K, capacity 2647K, committed 2688K, reserved 1048576K
}
Event: 3.785 GC heap before
{Heap before GC invocations=9 (full 0):
 garbage-first heap   total 189440K, used 156407K [0x00000000c4e00000, 0x0000000100000000)
  region size 1024K, 39 young (39936K), 2 survivors (2048K)
 Metaspace       used 22987K, capacity 23434K, committed 23856K, reserved 1071104K
  class space    used 2458K, capacity 2647K, committed 2688K, reserved 1048576K
}
Event: 3.788 GC heap after
{Heap after GC invocations=10 (full 0):
 garbage-first heap   total 189440K, used 118619K [0x00000000c4e00000, 0x0000000100000000)
  region size 1024K, 2 young (2048K), 2 survivors (2048K)
 Metaspace       used 22987K, capacity 23434K, committed 23856K, reserved 1071104K
  class space    used 2458K, capacity 2647K, committed 2688K, reserved 1048576K
}
Event: 4.064 GC heap before
{Heap before GC invocations=11 (full 0):
 garbage-first heap   total 189440K, used 157531K [0x00000000c4e00000, 0x0000000100000000)
  region size 1024K, 40 young (40960K), 2 survivors (2048K)
 Metaspace       used 22987K, capacity 23434K, committed 23856K, reserved 1071104K
  class space    used 2458K, capacity 2647K, committed 2688K, reserved 1048576K
}
Event: 4.186 GC heap after
{Heap after GC invocations=12 (full 0):
 garbage-first heap   total 189440K, used 118625K [0x00000000c4e00000, 0x0000000100000000)
  region size 1024K, 2 young (2048K), 2 survivors (2048K)
 Metaspace       used 22987K, capacity 23434K, committed 23856K, reserved 1071104K
  class space    used 2458K, capacity 2647K, committed 2688K, reserved 1048576K
}
Event: 4.638 GC heap before
{Heap before GC invocations=12 (full 0):
 garbage-first heap   total 189440K, used 157537K [0x00000000c4e00000, 0x0000000100000000)
  region size 1024K, 40 young (40960K), 2 survivors (2048K)
 Metaspace       used 22987K, capacity 23434K, committed 23856K, reserved 1071104K
  class space    used 2458K, capacity 2647K, committed 2688K, reserved 1048576K
}

